<?xml version="1.0" encoding="UTF-8"?>
<!-- Generated by org.testng.reporters.JUnitReportReporter -->
<testsuite hostname="LHR-QA-HIRA1" failures="0" tests="9" name="test.test_hotels" time="5.522" errors="0" timestamp="2022-04-03T21:26:01 PKT" skipped="0">
  <testcase classname="test.test_hotels" name="hotels_validate_post_not_successful" time="1.209"/>
  <system-out/>
  <testcase classname="test.test_hotels" name="hotels_validate_response_without_token" time="0.816"/>
  <system-out/>
  <testcase classname="test.test_hotels" name="hotels_response_not_null_validation" time="0.009"/>
  <system-out/>
  <testcase classname="test.test_hotels" name="hotels_validate_invalid_url" time="0.869"/>
  <system-out/>
  <testcase classname="test.test_hotels" name="hotels_response_time_validation" time="0.002"/>
  <system-out/>
  <testcase classname="test.test_hotels" name="hotels_validate_with_invalid_token" time="0.661"/>
  <system-out/>
  <testcase classname="test.test_hotels" name="hotels_content_type_header_validation" time="0.001"/>
  <system-out/>
  <testcase classname="test.test_hotels" name="hotels_json_schema_validation" time="1.952"/>
  <system-out/>
  <testcase classname="test.test_hotels" name="hotels_status_code_validation" time="0.003"/>
  <system-out/>
</testsuite> <!-- test.test_hotels -->
