<?xml version="1.0" encoding="UTF-8"?>
<!-- Generated by org.testng.reporters.JUnitReportReporter -->
<testsuite hostname="LHR-QA-HIRA1" failures="0" tests="5" name="test.retest" time="12.061" errors="0" timestamp="2022-04-01T19:37:27 PKT" skipped="0">
  <testcase classname="test.retest" name="get_ag" time="6.706"/>
  <system-out/>
  <testcase classname="test.retest" name="test_ai" time="1.171"/>
  <system-out/>
  <testcase classname="test.retest" name="get_ag" time="1.072"/>
  <system-out/>
  <testcase classname="test.retest" name="get_range" time="0.724"/>
  <system-out/>
  <testcase classname="test.retest" name="get_data" time="2.388"/>
  <system-out/>
</testsuite> <!-- test.retest -->
