<?xml version="1.0" encoding="UTF-8"?>
<!-- Generated by org.testng.reporters.JUnitReportReporter -->
<testsuite hostname="LHR-QA-HIRA1" failures="1" tests="16" name="test.flights_test" time="15.558" errors="0" timestamp="2022-04-03T02:25:53 PKT" skipped="0">
  <testcase classname="test.flights_test" name="flights_invalid_originID_validation" time="1.235"/>
  <system-out/>
  <testcase classname="test.flights_test" name="flights_json_schema_validation" time="2.143"/>
  <system-out/>
  <testcase classname="test.flights_test" name="flights_verify_updatedAt_format_response" time="0.004"/>
  <system-out/>
  <testcase classname="test.flights_test" name="flights_invalid_departureFrom_validation" time="0.765"/>
  <system-out/>
  <testcase classname="test.flights_test" name="flights_status_code_validation" time="0.005"/>
  <system-out/>
  <testcase classname="test.flights_test" name="flights_invalid_departureFrom_validation" time="6.388"/>
  <system-out/>
  <testcase classname="test.flights_test" name="flights_response_not_null_validation" time="0.009"/>
  <system-out/>
  <testcase classname="test.flights_test" name="flights_invalid_departureFrom_validation" time="0.769"/>
  <system-out/>
  <testcase classname="test.flights_test" name="flights_invalid_originID_validation" time="1.232"/>
  <system-out/>
  <testcase classname="test.flights_test" name="flights_content_type_header_validation" time="0.159"/>
  <system-out/>
  <testcase classname="test.flights_test" name="flights_invalid_originID_validation" time="0.748"/>
  <system-out/>
  <testcase classname="test.flights_test" name="flights_invalid_departureFrom_validation" time="0.828">
    <failure message="expected:&lt;200&gt; but was:&lt;400&gt;" type="junit.framework.AssertionFailedError">
      <![CDATA[junit.framework.AssertionFailedError: expected:<200> but was:<400>
at junit.framework.Assert.fail(Assert.java:50)
at junit.framework.Assert.failNotEquals(Assert.java:287)
at junit.framework.Assert.assertEquals(Assert.java:67)
at junit.framework.Assert.assertEquals(Assert.java:199)
at junit.framework.Assert.assertEquals(Assert.java:205)
at test.flights_test.flights_invalid_departureFrom_validation(flights_test.java:187)
at java.base/jdk.internal.reflect.NativeMethodAccessorImpl.invoke0(Native Method)
at java.base/jdk.internal.reflect.NativeMethodAccessorImpl.invoke(NativeMethodAccessorImpl.java:77)
at java.base/jdk.internal.reflect.DelegatingMethodAccessorImpl.invoke(DelegatingMethodAccessorImpl.java:43)
at java.base/java.lang.reflect.Method.invoke(Method.java:568)
at org.testng.internal.invokers.MethodInvocationHelper.invokeMethod(MethodInvocationHelper.java:135)
at org.testng.internal.invokers.TestInvoker.invokeMethod(TestInvoker.java:673)
at org.testng.internal.invokers.TestInvoker.invokeTestMethod(TestInvoker.java:220)
at org.testng.internal.invokers.MethodRunner.runInSequence(MethodRunner.java:50)
at org.testng.internal.invokers.TestInvoker$MethodInvocationAgent.invoke(TestInvoker.java:945)
at org.testng.internal.invokers.TestInvoker.invokeTestMethods(TestInvoker.java:193)
at org.testng.internal.invokers.TestMethodWorker.invokeTestMethods(TestMethodWorker.java:146)
at org.testng.internal.invokers.TestMethodWorker.run(TestMethodWorker.java:128)
at java.base/java.util.ArrayList.forEach(ArrayList.java:1511)
at org.testng.TestRunner.privateRun(TestRunner.java:808)
at org.testng.TestRunner.run(TestRunner.java:603)
at org.testng.SuiteRunner.runTest(SuiteRunner.java:429)
at org.testng.SuiteRunner.runSequentially(SuiteRunner.java:423)
at org.testng.SuiteRunner.privateRun(SuiteRunner.java:383)
at org.testng.SuiteRunner.run(SuiteRunner.java:326)
at org.testng.SuiteRunnerWorker.runSuite(SuiteRunnerWorker.java:52)
at org.testng.SuiteRunnerWorker.run(SuiteRunnerWorker.java:95)
at org.testng.TestNG.runSuitesSequentially(TestNG.java:1249)
at org.testng.TestNG.runSuitesLocally(TestNG.java:1169)
at org.testng.TestNG.runSuites(TestNG.java:1092)
at org.testng.TestNG.run(TestNG.java:1060)
at org.testng.remote.AbstractRemoteTestNG.run(AbstractRemoteTestNG.java:115)
at org.testng.remote.RemoteTestNG.initAndRun(RemoteTestNG.java:251)
at org.testng.remote.RemoteTestNG.main(RemoteTestNG.java:77)
]]>
    </failure>
  </testcase> <!-- flights_invalid_departureFrom_validation -->
  <system-out/>
  <testcase classname="test.flights_test" name="flights_verify_date_format_response" time="0.009"/>
  <system-out/>
  <testcase classname="test.flights_test" name="flights_verify_price_format_response" time="0.007"/>
  <system-out/>
  <testcase classname="test.flights_test" name="flights_invalid_originID_validation" time="1.248"/>
  <system-out/>
  <testcase classname="test.flights_test" name="flights_response_time_validation" time="0.009"/>
  <system-out/>
</testsuite> <!-- test.flights_test -->
