<?xml version="1.0" encoding="UTF-8"?>
<!-- Generated by org.testng.reporters.JUnitReportReporter -->
<testsuite hostname="LHR-QA-HIRA1" failures="0" tests="9" name="test.test_hotels" time="10.893" errors="0" timestamp="2022-04-03T02:25:53 PKT" skipped="0">
  <testcase classname="test.test_hotels" name="hotels_validate_response_without_token" time="0.810"/>
  <system-out/>
  <testcase classname="test.test_hotels" name="hotels_validate_post_not_successful" time="6.048"/>
  <system-out/>
  <testcase classname="test.test_hotels" name="hotels_response_time_validation" time="0.003"/>
  <system-out/>
  <testcase classname="test.test_hotels" name="hotels_json_schema_validation" time="1.716"/>
  <system-out/>
  <testcase classname="test.test_hotels" name="hotels_validate_with_invalid_token" time="0.850"/>
  <system-out/>
  <testcase classname="test.test_hotels" name="hotels_content_type_header_validation" time="0.006"/>
  <system-out/>
  <testcase classname="test.test_hotels" name="hotels_status_code_validation" time="0.004"/>
  <system-out/>
  <testcase classname="test.test_hotels" name="hotels_validate_invalid_url" time="1.438"/>
  <system-out/>
  <testcase classname="test.test_hotels" name="hotels_response_not_null_validation" time="0.018"/>
  <system-out/>
</testsuite> <!-- test.test_hotels -->
