<?xml version="1.0" encoding="UTF-8"?>
<!-- Generated by org.testng.reporters.JUnitReportReporter -->
<testsuite hostname="LHR-QA-HIRA1" failures="0" tests="1" name="test.testone" time="3.273" errors="0" timestamp="2022-03-24T00:21:58 PKT" skipped="0">
  <testcase classname="test.testone" name="get_re_schema" time="3.273"/>
  <system-out/>
</testsuite> <!-- test.testone -->
